Epoch 1, Generator_loss: 20.335844039916992, Discriminator_loss: 1.5967280864715576, Overlap_rate: 0.6176929796963393, Discriminator_fake: 0.7810210622710623
Epoch 2, Generator_loss: 20.32186508178711, Discriminator_loss: 0.608981728553772, Overlap_rate: 0.6075388195942375, Discriminator_fake: 0.893543956043956
Epoch 3, Generator_loss: 20.321834564208984, Discriminator_loss: 0.421966552734375, Overlap_rate: 0.6156567988344337, Discriminator_fake: 0.7892628205128205
Epoch 4, Generator_loss: 20.33094596862793, Discriminator_loss: 0.25040075182914734, Overlap_rate: 0.61118911980094, Discriminator_fake: 0.690018315018315
Epoch 5, Generator_loss: 20.344802856445312, Discriminator_loss: 0.17741043865680695, Overlap_rate: 0.611652573995232, Discriminator_fake: 0.6699862637362637
Epoch 6, Generator_loss: 20.303239822387695, Discriminator_loss: 0.1179247796535492, Overlap_rate: 0.6081431374947618, Discriminator_fake: 0.6195054945054945
Epoch 7, Generator_loss: 20.326505661010742, Discriminator_loss: 0.10816898196935654, Overlap_rate: 0.6160126749236278, Discriminator_fake: 0.6674679487179487
Epoch 8, Generator_loss: 20.329246520996094, Discriminator_loss: 0.13401177525520325, Overlap_rate: 0.61212588706874, Discriminator_fake: 0.8298992673992674
Epoch 9, Generator_loss: 20.369815826416016, Discriminator_loss: 0.36515364050865173, Overlap_rate: 0.6124539347075101, Discriminator_fake: 0.604739010989011
Epoch 10, Generator_loss: 20.310226440429688, Discriminator_loss: 0.2128864973783493, Overlap_rate: 0.6066536970374453, Discriminator_fake: 0.7513736263736264
Epoch 11, Generator_loss: 20.338096618652344, Discriminator_loss: 0.06031114608049393, Overlap_rate: 0.6124995065225621, Discriminator_fake: 0.7855998168498168
Epoch 12, Generator_loss: 20.31952667236328, Discriminator_loss: 0.06891945749521255, Overlap_rate: 0.6168601915258127, Discriminator_fake: 0.78125
Epoch 13, Generator_loss: 20.34653663635254, Discriminator_loss: 0.050533097237348557, Overlap_rate: 0.6125434300188246, Discriminator_fake: 0.5769230769230769
Epoch 14, Generator_loss: 20.33549690246582, Discriminator_loss: 0.09410154819488525, Overlap_rate: 0.6133894962194286, Discriminator_fake: 0.6951694139194139
Epoch 15, Generator_loss: 20.32947540283203, Discriminator_loss: 0.04836461320519447, Overlap_rate: 0.6112506812979225, Discriminator_fake: 0.5974130036630036
Epoch 16, Generator_loss: 20.326810836791992, Discriminator_loss: 0.08238580077886581, Overlap_rate: 0.6129828079347844, Discriminator_fake: 0.5762362637362637
Epoch 17, Generator_loss: 20.35071563720703, Discriminator_loss: 0.6601231694221497, Overlap_rate: 0.6093878547538295, Discriminator_fake: 0.5753205128205128
Epoch 18, Generator_loss: 20.34830093383789, Discriminator_loss: 0.43087562918663025, Overlap_rate: 0.6126254297167646, Discriminator_fake: 0.7805631868131868
Epoch 19, Generator_loss: 20.3150691986084, Discriminator_loss: 0.47576460242271423, Overlap_rate: 0.6074752940080537, Discriminator_fake: 0.8181089743589743
Epoch 20, Generator_loss: 20.346221923828125, Discriminator_loss: 0.15072694420814514, Overlap_rate: 0.6089496229677533, Discriminator_fake: 0.8058608058608058
Epoch 21, Generator_loss: 20.33673667907715, Discriminator_loss: 0.15226103365421295, Overlap_rate: 0.6103274350889212, Discriminator_fake: 0.8461538461538461
Epoch 22, Generator_loss: 20.32095718383789, Discriminator_loss: 0.14106246829032898, Overlap_rate: 0.6122691666782982, Discriminator_fake: 0.8621794871794872
Epoch 23, Generator_loss: 20.312788009643555, Discriminator_loss: 0.1111033633351326, Overlap_rate: 0.6156355811148855, Discriminator_fake: 0.8645833333333334
Epoch 24, Generator_loss: 20.333452224731445, Discriminator_loss: 0.11807312071323395, Overlap_rate: 0.6062076500304494, Discriminator_fake: 0.7703754578754579
Epoch 25, Generator_loss: 20.34551239013672, Discriminator_loss: 0.09182728826999664, Overlap_rate: 0.6086602247489753, Discriminator_fake: 0.7980769230769231
Epoch 26, Generator_loss: 20.325599670410156, Discriminator_loss: 0.08007373660802841, Overlap_rate: 0.6101343112975517, Discriminator_fake: 0.7842261904761905
Epoch 27, Generator_loss: 20.330127716064453, Discriminator_loss: 0.16602133214473724, Overlap_rate: 0.610777360374155, Discriminator_fake: 0.7884615384615384
Epoch 28, Generator_loss: 20.311487197875977, Discriminator_loss: 0.07777471840381622, Overlap_rate: 0.6102225587630529, Discriminator_fake: 0.8643543956043956
Epoch 29, Generator_loss: 20.3309383392334, Discriminator_loss: 0.11755592375993729, Overlap_rate: 0.6187976330255331, Discriminator_fake: 0.6517857142857143
Epoch 30, Generator_loss: 20.323617935180664, Discriminator_loss: 0.21537597477436066, Overlap_rate: 0.6073875615739138, Discriminator_fake: 0.48855311355311354
Epoch 31, Generator_loss: 20.323928833007812, Discriminator_loss: 0.1461373269557953, Overlap_rate: 0.6099127057559668, Discriminator_fake: 0.8470695970695971
Epoch 32, Generator_loss: 20.346416473388672, Discriminator_loss: 0.16440866887569427, Overlap_rate: 0.6044575011393122, Discriminator_fake: 0.819253663003663
Epoch 33, Generator_loss: 20.323257446289062, Discriminator_loss: 0.15319889783859253, Overlap_rate: 0.6027783618521346, Discriminator_fake: 0.7747252747252747
Epoch 34, Generator_loss: 20.344478607177734, Discriminator_loss: 0.17163777351379395, Overlap_rate: 0.6117450449112781, Discriminator_fake: 0.6978021978021979
Epoch 35, Generator_loss: 20.314409255981445, Discriminator_loss: 0.16251766681671143, Overlap_rate: 0.6139824258493412, Discriminator_fake: 0.7393543956043955
Epoch 36, Generator_loss: 20.332138061523438, Discriminator_loss: 0.16937066614627838, Overlap_rate: 0.6148787388655306, Discriminator_fake: 0.7140567765567766
Epoch 37, Generator_loss: 20.342756271362305, Discriminator_loss: 0.17266421020030975, Overlap_rate: 0.609891729883536, Discriminator_fake: 0.7153159340659341
Epoch 38, Generator_loss: 20.334468841552734, Discriminator_loss: 0.1723959743976593, Overlap_rate: 0.6070875669334311, Discriminator_fake: 0.730540293040293
Epoch 39, Generator_loss: 20.348861694335938, Discriminator_loss: 0.1768086552619934, Overlap_rate: 0.6153162853939975, Discriminator_fake: 0.7369505494505494
Epoch 40, Generator_loss: 20.352243423461914, Discriminator_loss: 0.18517723679542542, Overlap_rate: 0.6145726328689491, Discriminator_fake: 0.7214972527472527
Epoch 41, Generator_loss: 20.2928409576416, Discriminator_loss: 0.5306720733642578, Overlap_rate: 0.6115511606648828, Discriminator_fake: 0.5179716117216118
Epoch 42, Generator_loss: 20.304920196533203, Discriminator_loss: 0.3822576403617859, Overlap_rate: 0.6134803908263478, Discriminator_fake: 0.6398809523809523
Epoch 43, Generator_loss: 20.317155838012695, Discriminator_loss: 0.37079426646232605, Overlap_rate: 0.6076479832479246, Discriminator_fake: 0.6399954212454212
Epoch 44, Generator_loss: 20.31577491760254, Discriminator_loss: 0.451447457075119, Overlap_rate: 0.6089556672723289, Discriminator_fake: 0.7117673992673993
Epoch 45, Generator_loss: 20.285987854003906, Discriminator_loss: 0.35575050115585327, Overlap_rate: 0.6125341200644338, Discriminator_fake: 0.06570512820512821
Epoch 46, Generator_loss: 20.31545639038086, Discriminator_loss: 0.4461638629436493, Overlap_rate: 0.6151503753643901, Discriminator_fake: 0.09764194139194139
Epoch 47, Generator_loss: 20.335250854492188, Discriminator_loss: 0.36711716651916504, Overlap_rate: 0.6166341421910437, Discriminator_fake: 0.2916666666666667
Epoch 48, Generator_loss: 20.341758728027344, Discriminator_loss: 0.7665980458259583, Overlap_rate: 0.6128062660771832, Discriminator_fake: 0.7530906593406593
Epoch 49, Generator_loss: 20.34203338623047, Discriminator_loss: 0.3857669532299042, Overlap_rate: 0.6150536730108599, Discriminator_fake: 0.7595009157509158
Epoch 50, Generator_loss: 20.32400131225586, Discriminator_loss: 0.32582178711891174, Overlap_rate: 0.6112909882994862, Discriminator_fake: 0.7455357142857143
Epoch 51, Generator_loss: 20.313262939453125, Discriminator_loss: 0.24547024071216583, Overlap_rate: 0.6101043680603463, Discriminator_fake: 0.688301282051282
Epoch 52, Generator_loss: 20.325428009033203, Discriminator_loss: 0.19310110807418823, Overlap_rate: 0.6075169348836648, Discriminator_fake: 0.6678113553113553
Epoch 53, Generator_loss: 20.311084747314453, Discriminator_loss: 0.1515549272298813, Overlap_rate: 0.6159454226015482, Discriminator_fake: 0.6601419413919414
Epoch 54, Generator_loss: 20.33832359313965, Discriminator_loss: 0.28028586506843567, Overlap_rate: 0.6122478048195025, Discriminator_fake: 0.5974130036630036
Epoch 55, Generator_loss: 20.334386825561523, Discriminator_loss: 0.3701363205909729, Overlap_rate: 0.613854315417945, Discriminator_fake: 0.5311355311355311
Epoch 56, Generator_loss: 20.305015563964844, Discriminator_loss: 1.6848764419555664, Overlap_rate: 0.613091213122326, Discriminator_fake: 0.4345238095238096
Epoch 57, Generator_loss: 20.333206176757812, Discriminator_loss: 1.135362982749939, Overlap_rate: 0.611327995259696, Discriminator_fake: 0.40052655677655674
Epoch 58, Generator_loss: 20.321683883666992, Discriminator_loss: 0.3274522125720978, Overlap_rate: 0.6090553548644927, Discriminator_fake: 0.6419413919413919
Epoch 59, Generator_loss: 20.32551383972168, Discriminator_loss: 0.2652539014816284, Overlap_rate: 0.6087646021909826, Discriminator_fake: 0.6434294871794872
Epoch 60, Generator_loss: 20.308319091796875, Discriminator_loss: 0.28114500641822815, Overlap_rate: 0.6106973184881354, Discriminator_fake: 0.8173076923076923
Epoch 61, Generator_loss: 20.316869735717773, Discriminator_loss: 0.34246861934661865, Overlap_rate: 0.6082874881475484, Discriminator_fake: 0.8018543956043955
Epoch 62, Generator_loss: 20.318078994750977, Discriminator_loss: 0.2804672420024872, Overlap_rate: 0.6040247543977585, Discriminator_fake: 0.7909798534798534
Epoch 63, Generator_loss: 20.31376838684082, Discriminator_loss: 0.36910489201545715, Overlap_rate: 0.6125074969036957, Discriminator_fake: 0.8290979853479854
Epoch 64, Generator_loss: 20.349590301513672, Discriminator_loss: 0.44207602739334106, Overlap_rate: 0.6113100005814336, Discriminator_fake: 0.8661858974358975
Epoch 65, Generator_loss: 20.375215530395508, Discriminator_loss: 0.6234789490699768, Overlap_rate: 0.6084769741349347, Discriminator_fake: 0.9089972527472526
Epoch 66, Generator_loss: 20.341854095458984, Discriminator_loss: 0.387107253074646, Overlap_rate: 0.6068030124940881, Discriminator_fake: 0.8347069597069597
Epoch 67, Generator_loss: 20.328289031982422, Discriminator_loss: 0.3391934037208557, Overlap_rate: 0.6167412525879443, Discriminator_fake: 0.836080586080586
Epoch 68, Generator_loss: 20.329111099243164, Discriminator_loss: 0.4002256393432617, Overlap_rate: 0.6095306390952556, Discriminator_fake: 0.8629807692307693
Epoch 69, Generator_loss: 20.3369140625, Discriminator_loss: 0.34817078709602356, Overlap_rate: 0.6054602620472957, Discriminator_fake: 0.8593177655677655
Epoch 70, Generator_loss: 20.34867286682129, Discriminator_loss: 0.43395107984542847, Overlap_rate: 0.6185847661904464, Discriminator_fake: 0.8557692307692307
Epoch 71, Generator_loss: 20.344356536865234, Discriminator_loss: 0.41506385803222656, Overlap_rate: 0.6051937507343943, Discriminator_fake: 0.8828983516483516
Epoch 72, Generator_loss: 20.3436336517334, Discriminator_loss: 0.32486775517463684, Overlap_rate: 0.6116461462775717, Discriminator_fake: 0.8424908424908424
Epoch 73, Generator_loss: 20.331111907958984, Discriminator_loss: 0.360759973526001, Overlap_rate: 0.6170608151141074, Discriminator_fake: 0.808264652014652
Epoch 74, Generator_loss: 20.32198715209961, Discriminator_loss: 0.3038783073425293, Overlap_rate: 0.606348681418715, Discriminator_fake: 0.6523580586080586
Epoch 75, Generator_loss: 20.3001708984375, Discriminator_loss: 0.4313972294330597, Overlap_rate: 0.6141524913126153, Discriminator_fake: 0.6418269230769231
Epoch 76, Generator_loss: 20.32729148864746, Discriminator_loss: 0.4158405065536499, Overlap_rate: 0.6155417988330536, Discriminator_fake: 0.8245192307692307
Epoch 77, Generator_loss: 20.313783645629883, Discriminator_loss: 0.362807035446167, Overlap_rate: 0.6190871609935444, Discriminator_fake: 0.7852564102564102
Epoch 78, Generator_loss: 20.307836532592773, Discriminator_loss: 1.197914481163025, Overlap_rate: 0.6040936712442545, Discriminator_fake: 0.40636446886446886
Epoch 79, Generator_loss: 20.29987144470215, Discriminator_loss: 0.4507696330547333, Overlap_rate: 0.6055795327301988, Discriminator_fake: 0.5526556776556776
Epoch 80, Generator_loss: 20.33207130432129, Discriminator_loss: 0.39368554949760437, Overlap_rate: 0.6172473100626498, Discriminator_fake: 0.7946428571428571
Epoch 81, Generator_loss: 20.320173263549805, Discriminator_loss: 0.36196452379226685, Overlap_rate: 0.6153197254213482, Discriminator_fake: 0.7908653846153846
Epoch 82, Generator_loss: 20.315534591674805, Discriminator_loss: 0.350969135761261, Overlap_rate: 0.60953109148346, Discriminator_fake: 0.777014652014652
Epoch 83, Generator_loss: 20.320613861083984, Discriminator_loss: 1.4172550439834595, Overlap_rate: 0.6121719683653267, Discriminator_fake: 0.6009615384615384
Epoch 84, Generator_loss: 20.329320907592773, Discriminator_loss: 1.3910202980041504, Overlap_rate: 0.6020072013051985, Discriminator_fake: 0.13266941391941392
Epoch 85, Generator_loss: 20.341920852661133, Discriminator_loss: 0.8266304135322571, Overlap_rate: 0.6114645168559759, Discriminator_fake: 0.05608974358974359
Epoch 86, Generator_loss: 20.3010311126709, Discriminator_loss: 0.8205935955047607, Overlap_rate: 0.6193899464194607, Discriminator_fake: 0.06009615384615385
Epoch 87, Generator_loss: 20.332786560058594, Discriminator_loss: 0.8098809123039246, Overlap_rate: 0.6103670829688236, Discriminator_fake: 0.0641025641025641
Epoch 88, Generator_loss: 20.333202362060547, Discriminator_loss: 0.8218786120414734, Overlap_rate: 0.6145844253534124, Discriminator_fake: 0.06810897435897435
Epoch 89, Generator_loss: 20.317651748657227, Discriminator_loss: 0.8063010573387146, Overlap_rate: 0.6113785846446108, Discriminator_fake: 0.06650641025641026
Epoch 90, Generator_loss: 20.358613967895508, Discriminator_loss: 0.8165992498397827, Overlap_rate: 0.6071064496820323, Discriminator_fake: 0.0673076923076923
Epoch 91, Generator_loss: 20.315574645996094, Discriminator_loss: 0.8345293998718262, Overlap_rate: 0.6064921861861361, Discriminator_fake: 0.06650641025641026
Epoch 92, Generator_loss: 20.33823585510254, Discriminator_loss: 0.811623752117157, Overlap_rate: 0.6088968575111564, Discriminator_fake: 0.0683379120879121
Epoch 93, Generator_loss: 20.302236557006836, Discriminator_loss: 0.8185495138168335, Overlap_rate: 0.6079836207761647, Discriminator_fake: 0.06353021978021979
Epoch 94, Generator_loss: 20.3316650390625, Discriminator_loss: 0.8115713596343994, Overlap_rate: 0.6156673710631748, Discriminator_fake: 0.05391483516483517
Epoch 95, Generator_loss: 20.32642936706543, Discriminator_loss: 0.8198203444480896, Overlap_rate: 0.6210356224305154, Discriminator_fake: 0.06513278388278389
Epoch 96, Generator_loss: 20.3197021484375, Discriminator_loss: 0.810714602470398, Overlap_rate: 0.6088708895286588, Discriminator_fake: 0.06169871794871795
Epoch 97, Generator_loss: 20.32670021057129, Discriminator_loss: 0.8059651255607605, Overlap_rate: 0.6155283056972768, Discriminator_fake: 0.06673534798534798
Epoch 98, Generator_loss: 20.31714630126953, Discriminator_loss: 0.8120450377464294, Overlap_rate: 0.6126354179448307, Discriminator_fake: 0.057692307692307696
Epoch 99, Generator_loss: 20.33460807800293, Discriminator_loss: 0.8422079682350159, Overlap_rate: 0.6127853924932619, Discriminator_fake: 0.0779532967032967
Epoch 100, Generator_loss: 20.328445434570312, Discriminator_loss: 0.8076891303062439, Overlap_rate: 0.6081388252626814, Discriminator_fake: 0.06353021978021979
