Epoch 1, Generator_loss: 20.721342086791992, Discriminator_loss: 2.196634531021118, Overlap_rate: 0.04940980365616976, Discriminator_fake: 0.7411858974358975
Epoch 2, Generator_loss: 20.73896026611328, Discriminator_loss: 1.4627699851989746, Overlap_rate: 0.05592257080211155, Discriminator_fake: 0.8982371794871795
Epoch 3, Generator_loss: 20.74544906616211, Discriminator_loss: 1.2293604612350464, Overlap_rate: 0.0533916448573711, Discriminator_fake: 0.8901098901098902
Epoch 4, Generator_loss: 20.712631225585938, Discriminator_loss: 1.0678958892822266, Overlap_rate: 0.054511223690165415, Discriminator_fake: 0.946886446886447
Epoch 5, Generator_loss: 20.73330307006836, Discriminator_loss: 1.903729796409607, Overlap_rate: 0.05263848641762214, Discriminator_fake: 0.8878205128205128
Epoch 6, Generator_loss: 20.74961280822754, Discriminator_loss: 1.390102505683899, Overlap_rate: 0.049015943230078886, Discriminator_fake: 0.9294871794871795
Epoch 7, Generator_loss: 20.73456382751465, Discriminator_loss: 1.147573471069336, Overlap_rate: 0.051351837114442876, Discriminator_fake: 0.9895833333333334
Epoch 8, Generator_loss: 20.7145938873291, Discriminator_loss: 1.136246681213379, Overlap_rate: 0.05462077214744722, Discriminator_fake: 0.9487179487179487
Epoch 9, Generator_loss: 20.729753494262695, Discriminator_loss: 0.8966471552848816, Overlap_rate: 0.05231914817746205, Discriminator_fake: 0.8771749084249085
Epoch 10, Generator_loss: 20.736249923706055, Discriminator_loss: 0.8692089319229126, Overlap_rate: 0.05177245196743661, Discriminator_fake: 0.90625
Epoch 11, Generator_loss: 20.750085830688477, Discriminator_loss: 1.066148042678833, Overlap_rate: 0.054065421744476136, Discriminator_fake: 0.9783653846153846
Epoch 12, Generator_loss: 20.714754104614258, Discriminator_loss: 0.7141598463058472, Overlap_rate: 0.050466328182047035, Discriminator_fake: 0.9741300366300367
Epoch 13, Generator_loss: 20.72818374633789, Discriminator_loss: 0.8146259784698486, Overlap_rate: 0.05053576951571749, Discriminator_fake: 0.9270833333333334
Epoch 14, Generator_loss: 20.731576919555664, Discriminator_loss: 0.6787694096565247, Overlap_rate: 0.054147127632624095, Discriminator_fake: 0.913003663003663
Epoch 15, Generator_loss: 20.734634399414062, Discriminator_loss: 0.6183818578720093, Overlap_rate: 0.05242478902246072, Discriminator_fake: 0.9439102564102564
Epoch 16, Generator_loss: 20.72384262084961, Discriminator_loss: 0.7101466655731201, Overlap_rate: 0.051839669546349484, Discriminator_fake: 0.8224587912087912
Epoch 17, Generator_loss: 20.74390983581543, Discriminator_loss: 0.5303259491920471, Overlap_rate: 0.05174542377080495, Discriminator_fake: 0.7540064102564102
Epoch 18, Generator_loss: 20.713960647583008, Discriminator_loss: 0.4749513268470764, Overlap_rate: 0.054014978905305905, Discriminator_fake: 0.8611492673992674
Epoch 19, Generator_loss: 20.750316619873047, Discriminator_loss: 0.7664095163345337, Overlap_rate: 0.053719450104982074, Discriminator_fake: 0.8547390109890111
Epoch 20, Generator_loss: 20.737178802490234, Discriminator_loss: 0.9522160291671753, Overlap_rate: 0.051937093157983776, Discriminator_fake: 0.8523351648351649
Epoch 21, Generator_loss: 20.741558074951172, Discriminator_loss: 1.1736398935317993, Overlap_rate: 0.0545199432958391, Discriminator_fake: 0.8533653846153846
Epoch 22, Generator_loss: 20.72072410583496, Discriminator_loss: 1.2596615552902222, Overlap_rate: 0.04930978172156131, Discriminator_fake: 0.8485576923076923
Epoch 23, Generator_loss: 20.724687576293945, Discriminator_loss: 1.2611240148544312, Overlap_rate: 0.05410815004696189, Discriminator_fake: 0.8515338827838829
Epoch 24, Generator_loss: 20.713720321655273, Discriminator_loss: 1.092211127281189, Overlap_rate: 0.05501417565118506, Discriminator_fake: 0.8497023809523808
Epoch 25, Generator_loss: 20.734390258789062, Discriminator_loss: 1.2368440628051758, Overlap_rate: 0.05220854119738432, Discriminator_fake: 0.8221153846153846
Epoch 26, Generator_loss: 20.710838317871094, Discriminator_loss: 0.7543001174926758, Overlap_rate: 0.05346715403653746, Discriminator_fake: 0.8691620879120879
Epoch 27, Generator_loss: 20.740694046020508, Discriminator_loss: 0.4864085912704468, Overlap_rate: 0.0501201067628133, Discriminator_fake: 0.8234890109890111
Epoch 28, Generator_loss: 20.728809356689453, Discriminator_loss: 0.48035481572151184, Overlap_rate: 0.05293746055361068, Discriminator_fake: 0.7593864468864469
Epoch 29, Generator_loss: 20.7121524810791, Discriminator_loss: 0.41860952973365784, Overlap_rate: 0.052810378241551416, Discriminator_fake: 0.8112408424908425
Epoch 30, Generator_loss: 20.72976303100586, Discriminator_loss: 0.3976350724697113, Overlap_rate: 0.0529359895771199, Discriminator_fake: 0.7339743589743589
Epoch 31, Generator_loss: 20.738374710083008, Discriminator_loss: 0.4364115595817566, Overlap_rate: 0.05353740042970634, Discriminator_fake: 0.6718177655677656
Epoch 32, Generator_loss: 20.742576599121094, Discriminator_loss: 0.3836047351360321, Overlap_rate: 0.05012076840277761, Discriminator_fake: 0.7604166666666666
Epoch 33, Generator_loss: 20.747695922851562, Discriminator_loss: 0.3305981159210205, Overlap_rate: 0.04723637042554107, Discriminator_fake: 0.7123397435897436
Epoch 34, Generator_loss: 20.723163604736328, Discriminator_loss: 0.3140926659107208, Overlap_rate: 0.05057551738487766, Discriminator_fake: 0.6696428571428571
Epoch 35, Generator_loss: 20.720237731933594, Discriminator_loss: 0.3032599985599518, Overlap_rate: 0.052960856964981526, Discriminator_fake: 0.6414835164835164
Epoch 36, Generator_loss: 20.718273162841797, Discriminator_loss: 0.29048359394073486, Overlap_rate: 0.05229474498470086, Discriminator_fake: 0.6393086080586081
Epoch 37, Generator_loss: 20.722156524658203, Discriminator_loss: 0.21184048056602478, Overlap_rate: 0.052390875361832394, Discriminator_fake: 0.6061126373626374
Epoch 38, Generator_loss: 20.698274612426758, Discriminator_loss: 0.19063988327980042, Overlap_rate: 0.053374842233432404, Discriminator_fake: 0.6696428571428571
Epoch 39, Generator_loss: 20.72342300415039, Discriminator_loss: 0.26289042830467224, Overlap_rate: 0.050541501126224034, Discriminator_fake: 0.6437728937728938
Epoch 40, Generator_loss: 20.757225036621094, Discriminator_loss: 0.2576148211956024, Overlap_rate: 0.05264425272606997, Discriminator_fake: 0.5516254578754579
Epoch 41, Generator_loss: 20.718690872192383, Discriminator_loss: 0.3104531168937683, Overlap_rate: 0.0506593272433542, Discriminator_fake: 0.4953067765567765
Epoch 42, Generator_loss: 20.747421264648438, Discriminator_loss: 0.2995167672634125, Overlap_rate: 0.0511728203003064, Discriminator_fake: 0.5637591575091575
Epoch 43, Generator_loss: 20.73147964477539, Discriminator_loss: 0.16576199233531952, Overlap_rate: 0.05101484300448282, Discriminator_fake: 0.5161401098901098
Epoch 44, Generator_loss: 20.758028030395508, Discriminator_loss: 0.14296077191829681, Overlap_rate: 0.05323451600867502, Discriminator_fake: 0.5763507326007327
Epoch 45, Generator_loss: 20.747852325439453, Discriminator_loss: 0.15224386751651764, Overlap_rate: 0.054732576473644344, Discriminator_fake: 0.5068681318681318
Epoch 46, Generator_loss: 20.754302978515625, Discriminator_loss: 0.2155790627002716, Overlap_rate: 0.04984228154537753, Discriminator_fake: 0.4448260073260073
Epoch 47, Generator_loss: 20.741886138916016, Discriminator_loss: 0.15649111568927765, Overlap_rate: 0.04959969821003788, Discriminator_fake: 0.5309065934065934
Epoch 48, Generator_loss: 20.751140594482422, Discriminator_loss: 0.13827353715896606, Overlap_rate: 0.050587161990792925, Discriminator_fake: 0.4566163003663004
Epoch 49, Generator_loss: 20.73239517211914, Discriminator_loss: 0.1976160854101181, Overlap_rate: 0.04920466934844523, Discriminator_fake: 0.4876373626373626
Epoch 50, Generator_loss: 20.73574447631836, Discriminator_loss: 0.1719491332769394, Overlap_rate: 0.049790274421925386, Discriminator_fake: 0.494047619047619
Epoch 51, Generator_loss: 20.727556228637695, Discriminator_loss: 0.212894469499588, Overlap_rate: 0.05297293676921601, Discriminator_fake: 0.45890567765567764
Epoch 52, Generator_loss: 20.711467742919922, Discriminator_loss: 0.20972508192062378, Overlap_rate: 0.05580203351002355, Discriminator_fake: 0.4744734432234432
Epoch 53, Generator_loss: 20.746395111083984, Discriminator_loss: 0.1307806521654129, Overlap_rate: 0.055068627649428575, Discriminator_fake: 0.6031364468864469
Epoch 54, Generator_loss: 20.727210998535156, Discriminator_loss: 0.11307794600725174, Overlap_rate: 0.052146930215246495, Discriminator_fake: 0.698489010989011
Epoch 55, Generator_loss: 20.729398727416992, Discriminator_loss: 0.18786443769931793, Overlap_rate: 0.05070338626761201, Discriminator_fake: 0.5978708791208791
Epoch 56, Generator_loss: 20.728445053100586, Discriminator_loss: 0.14306782186031342, Overlap_rate: 0.05204997321310197, Discriminator_fake: 0.5463598901098902
Epoch 57, Generator_loss: 20.745376586914062, Discriminator_loss: 0.1876266747713089, Overlap_rate: 0.05063483618038419, Discriminator_fake: 0.5355998168498168
Epoch 58, Generator_loss: 20.743614196777344, Discriminator_loss: 0.25700417160987854, Overlap_rate: 0.05075187804987297, Discriminator_fake: 0.6103479853479853
Epoch 59, Generator_loss: 20.72119903564453, Discriminator_loss: 0.15445367991924286, Overlap_rate: 0.051720457757033524, Discriminator_fake: 0.8342490842490842
Epoch 60, Generator_loss: 20.734607696533203, Discriminator_loss: 0.06852348148822784, Overlap_rate: 0.052356473446040525, Discriminator_fake: 0.745764652014652
Epoch 61, Generator_loss: 20.717023849487305, Discriminator_loss: 0.07483851909637451, Overlap_rate: 0.05154265100872777, Discriminator_fake: 0.7039835164835164
Epoch 62, Generator_loss: 20.7329158782959, Discriminator_loss: 0.1456734836101532, Overlap_rate: 0.05100585309966102, Discriminator_fake: 0.6702152014652015
Epoch 63, Generator_loss: 20.714563369750977, Discriminator_loss: 0.15653903782367706, Overlap_rate: 0.04942421435283126, Discriminator_fake: 0.7367216117216118
Epoch 64, Generator_loss: 20.740388870239258, Discriminator_loss: 0.15509401261806488, Overlap_rate: 0.05454432043537935, Discriminator_fake: 0.7353479853479853
Epoch 65, Generator_loss: 20.740495681762695, Discriminator_loss: 0.129336878657341, Overlap_rate: 0.050078372828850276, Discriminator_fake: 0.7353479853479853
Epoch 66, Generator_loss: 20.749584197998047, Discriminator_loss: 0.16025833785533905, Overlap_rate: 0.05068916503749922, Discriminator_fake: 0.6872710622710623
Epoch 67, Generator_loss: 20.714914321899414, Discriminator_loss: 0.14178480207920074, Overlap_rate: 0.05283061068855208, Discriminator_fake: 0.7645375457875457
Epoch 68, Generator_loss: 20.724151611328125, Discriminator_loss: 0.09523062407970428, Overlap_rate: 0.05325062374835133, Discriminator_fake: 0.7322573260073261
Epoch 69, Generator_loss: 20.731306076049805, Discriminator_loss: 0.07200471311807632, Overlap_rate: 0.05077907401023028, Discriminator_fake: 0.667239010989011
Epoch 70, Generator_loss: 20.7398681640625, Discriminator_loss: 0.0911114439368248, Overlap_rate: 0.051388826485012355, Discriminator_fake: 0.6448031135531135
Epoch 71, Generator_loss: 20.731225967407227, Discriminator_loss: 0.14252494275569916, Overlap_rate: 0.05298491749429295, Discriminator_fake: 0.6928800366300366
Epoch 72, Generator_loss: 20.74655532836914, Discriminator_loss: 0.10619013011455536, Overlap_rate: 0.049719688976348285, Discriminator_fake: 0.6070283882783882
Epoch 73, Generator_loss: 20.758512496948242, Discriminator_loss: 0.09584211558103561, Overlap_rate: 0.051584837547522, Discriminator_fake: 0.5207188644688645
Epoch 74, Generator_loss: 20.719524383544922, Discriminator_loss: 0.07908296585083008, Overlap_rate: 0.05092650281077162, Discriminator_fake: 0.5812728937728938
Epoch 75, Generator_loss: 20.728578567504883, Discriminator_loss: 0.07677210122346878, Overlap_rate: 0.054082327401292415, Discriminator_fake: 0.6844093406593407
Epoch 76, Generator_loss: 20.733366012573242, Discriminator_loss: 0.14898422360420227, Overlap_rate: 0.05016281038815699, Discriminator_fake: 0.6453754578754579
Epoch 77, Generator_loss: 20.730758666992188, Discriminator_loss: 0.13849395513534546, Overlap_rate: 0.04891094464117239, Discriminator_fake: 0.574404761904762
Epoch 78, Generator_loss: 20.74237060546875, Discriminator_loss: 0.1248699501156807, Overlap_rate: 0.05492339792722749, Discriminator_fake: 0.6742216117216118
Epoch 79, Generator_loss: 20.72637176513672, Discriminator_loss: 0.2343461662530899, Overlap_rate: 0.05361123219304202, Discriminator_fake: 0.7210393772893773
Epoch 80, Generator_loss: 20.706308364868164, Discriminator_loss: 0.08821456134319305, Overlap_rate: 0.05281872743807483, Discriminator_fake: 0.5903159340659341
Epoch 81, Generator_loss: 20.74903678894043, Discriminator_loss: 0.09756799042224884, Overlap_rate: 0.05188566950775165, Discriminator_fake: 0.6381639194139195
Epoch 82, Generator_loss: 20.70249366760254, Discriminator_loss: 0.0699228048324585, Overlap_rate: 0.05053253137673605, Discriminator_fake: 0.6844093406593407
Epoch 83, Generator_loss: 20.722288131713867, Discriminator_loss: 0.07888679206371307, Overlap_rate: 0.05311491273609013, Discriminator_fake: 0.675595238095238
Epoch 84, Generator_loss: 20.696474075317383, Discriminator_loss: 0.07682927697896957, Overlap_rate: 0.05096624552460959, Discriminator_fake: 0.6923076923076923
Epoch 85, Generator_loss: 20.740402221679688, Discriminator_loss: 0.0778016597032547, Overlap_rate: 0.05237735326324977, Discriminator_fake: 0.6096611721611722
Epoch 86, Generator_loss: 20.712228775024414, Discriminator_loss: 0.16539299488067627, Overlap_rate: 0.055730160408014734, Discriminator_fake: 0.6449175824175825
Epoch 87, Generator_loss: 20.73756980895996, Discriminator_loss: 0.2643204629421234, Overlap_rate: 0.05248437904177387, Discriminator_fake: 0.6686126373626374
Epoch 88, Generator_loss: 20.731201171875, Discriminator_loss: 0.15657968819141388, Overlap_rate: 0.052435791767607556, Discriminator_fake: 0.7201236263736264
Epoch 89, Generator_loss: 20.755237579345703, Discriminator_loss: 0.12737217545509338, Overlap_rate: 0.05225445948030282, Discriminator_fake: 0.6592261904761905
Epoch 90, Generator_loss: 20.75675392150879, Discriminator_loss: 0.0943339616060257, Overlap_rate: 0.04898999742698266, Discriminator_fake: 0.6769688644688645
Epoch 91, Generator_loss: 20.726272583007812, Discriminator_loss: 0.07690741121768951, Overlap_rate: 0.0556416487615679, Discriminator_fake: 0.6848672161172161
Epoch 92, Generator_loss: 20.72968101501465, Discriminator_loss: 0.10927949845790863, Overlap_rate: 0.052433352821608055, Discriminator_fake: 0.6802884615384616
Epoch 93, Generator_loss: 20.720796585083008, Discriminator_loss: 0.22751972079277039, Overlap_rate: 0.05239072392804729, Discriminator_fake: 0.7677426739926739
Epoch 94, Generator_loss: 20.715370178222656, Discriminator_loss: 0.245120570063591, Overlap_rate: 0.05264584774195807, Discriminator_fake: 0.675595238095238
Epoch 95, Generator_loss: 20.73288917541504, Discriminator_loss: 0.09918583929538727, Overlap_rate: 0.052436920390655825, Discriminator_fake: 0.6287774725274725
Epoch 96, Generator_loss: 20.750064849853516, Discriminator_loss: 0.12245340645313263, Overlap_rate: 0.05225061738390254, Discriminator_fake: 0.6351877289377289
Epoch 97, Generator_loss: 20.751924514770508, Discriminator_loss: 0.12406471371650696, Overlap_rate: 0.052187516506046784, Discriminator_fake: 0.6702152014652015
Epoch 98, Generator_loss: 20.746973037719727, Discriminator_loss: 0.127724751830101, Overlap_rate: 0.053761656792392566, Discriminator_fake: 0.675595238095238
Epoch 99, Generator_loss: 20.743579864501953, Discriminator_loss: 0.08329211175441742, Overlap_rate: 0.05159199595285825, Discriminator_fake: 0.6501831501831502
Epoch 100, Generator_loss: 20.74744987487793, Discriminator_loss: 0.08573979139328003, Overlap_rate: 0.05122005759995389, Discriminator_fake: 0.6339285714285714
