Epoch 1, Generator_loss: 20.42598533630371, Discriminator_loss: 2.438986301422119, Overlap_rate: 0.5238154307216083, Discriminator_fake: 0.7425595238095237
Epoch 2, Generator_loss: 20.412158966064453, Discriminator_loss: 2.1376774311065674, Overlap_rate: 0.5258854883116477, Discriminator_fake: 0.8206272893772893
Epoch 3, Generator_loss: 20.42900276184082, Discriminator_loss: 2.0810234546661377, Overlap_rate: 0.5239054612176024, Discriminator_fake: 0.7644230769230769
Epoch 4, Generator_loss: 20.445005416870117, Discriminator_loss: 1.9291325807571411, Overlap_rate: 0.5265503575211947, Discriminator_fake: 0.5722298534798534
Epoch 5, Generator_loss: 20.42243194580078, Discriminator_loss: 1.7498738765716553, Overlap_rate: 0.5262084977962926, Discriminator_fake: 0.5956959706959707
Epoch 6, Generator_loss: 20.43994140625, Discriminator_loss: 2.422891616821289, Overlap_rate: 0.5267582923019741, Discriminator_fake: 0.4304029304029304
Epoch 7, Generator_loss: 20.421628952026367, Discriminator_loss: 1.810499906539917, Overlap_rate: 0.5242663079037378, Discriminator_fake: 0.5299908424908425
Epoch 8, Generator_loss: 20.433481216430664, Discriminator_loss: 1.6547963619232178, Overlap_rate: 0.5263950421143142, Discriminator_fake: 0.5581501831501832
Epoch 9, Generator_loss: 20.402420043945312, Discriminator_loss: 1.7103908061981201, Overlap_rate: 0.5243885221192537, Discriminator_fake: 0.5776098901098902
Epoch 10, Generator_loss: 20.417007446289062, Discriminator_loss: 1.7491649389266968, Overlap_rate: 0.5230637175454169, Discriminator_fake: 0.5762362637362637
Epoch 11, Generator_loss: 20.415122985839844, Discriminator_loss: 2.175840377807617, Overlap_rate: 0.5270527259649749, Discriminator_fake: 0.6223672161172161
Epoch 12, Generator_loss: 20.404518127441406, Discriminator_loss: 1.4410934448242188, Overlap_rate: 0.5231417979752737, Discriminator_fake: 0.7098214285714286
Epoch 13, Generator_loss: 20.441287994384766, Discriminator_loss: 1.3418760299682617, Overlap_rate: 0.5199071491529315, Discriminator_fake: 0.6728479853479853
Epoch 14, Generator_loss: 20.433996200561523, Discriminator_loss: 1.9980608224868774, Overlap_rate: 0.5217379565499742, Discriminator_fake: 0.7371794871794872
Epoch 15, Generator_loss: 20.423906326293945, Discriminator_loss: 1.8547015190124512, Overlap_rate: 0.5247820765878105, Discriminator_fake: 0.8266941391941393
Epoch 16, Generator_loss: 20.416353225708008, Discriminator_loss: 1.5967375040054321, Overlap_rate: 0.5259407868395838, Discriminator_fake: 0.8413461538461539
Epoch 17, Generator_loss: 20.4354248046875, Discriminator_loss: 1.4584683179855347, Overlap_rate: 0.5228857349907496, Discriminator_fake: 0.7641941391941391
Epoch 18, Generator_loss: 20.41952896118164, Discriminator_loss: 1.7462191581726074, Overlap_rate: 0.5237824654096672, Discriminator_fake: 0.6625457875457875
Epoch 19, Generator_loss: 20.411537170410156, Discriminator_loss: 1.4727747440338135, Overlap_rate: 0.5244152910131947, Discriminator_fake: 0.5800137362637363
Epoch 20, Generator_loss: 20.40384864807129, Discriminator_loss: 1.2918111085891724, Overlap_rate: 0.5234473107112922, Discriminator_fake: 0.6026785714285714
Epoch 21, Generator_loss: 20.427845001220703, Discriminator_loss: 1.3654154539108276, Overlap_rate: 0.5270903315415337, Discriminator_fake: 0.6496108058608058
Epoch 22, Generator_loss: 20.44244384765625, Discriminator_loss: 1.123496651649475, Overlap_rate: 0.527094964654799, Discriminator_fake: 0.6456043956043955
Epoch 23, Generator_loss: 20.431255340576172, Discriminator_loss: 1.1255115270614624, Overlap_rate: 0.524877956659235, Discriminator_fake: 0.6019917582417583
Epoch 24, Generator_loss: 20.43119239807129, Discriminator_loss: 1.0505341291427612, Overlap_rate: 0.5252522264136537, Discriminator_fake: 0.48546245421245426
Epoch 25, Generator_loss: 20.412691116333008, Discriminator_loss: 1.1553432941436768, Overlap_rate: 0.525045580797797, Discriminator_fake: 0.6311813186813187
Epoch 26, Generator_loss: 20.403100967407227, Discriminator_loss: 1.3103978633880615, Overlap_rate: 0.5235813512393468, Discriminator_fake: 0.6718177655677656
Epoch 27, Generator_loss: 20.425601959228516, Discriminator_loss: 1.039807915687561, Overlap_rate: 0.5241954294845173, Discriminator_fake: 0.5984432234432234
Epoch 28, Generator_loss: 20.434036254882812, Discriminator_loss: 0.9441230893135071, Overlap_rate: 0.5252402942637522, Discriminator_fake: 0.6079441391941391
Epoch 29, Generator_loss: 20.378612518310547, Discriminator_loss: 1.116291880607605, Overlap_rate: 0.5257188082138792, Discriminator_fake: 0.623282967032967
Epoch 30, Generator_loss: 20.41413688659668, Discriminator_loss: 1.4627717733383179, Overlap_rate: 0.52715173688345, Discriminator_fake: 0.5782967032967032
Epoch 31, Generator_loss: 20.43906021118164, Discriminator_loss: 1.0403343439102173, Overlap_rate: 0.5237834614185076, Discriminator_fake: 0.7032967032967032
Epoch 32, Generator_loss: 20.44356918334961, Discriminator_loss: 0.8733395338058472, Overlap_rate: 0.525290520738164, Discriminator_fake: 0.632554945054945
Epoch 33, Generator_loss: 20.431318283081055, Discriminator_loss: 0.7701846957206726, Overlap_rate: 0.52300176542932, Discriminator_fake: 0.46646062271062266
Epoch 34, Generator_loss: 20.42587661743164, Discriminator_loss: 0.5463544726371765, Overlap_rate: 0.5247863057398419, Discriminator_fake: 0.38553113553113555
Epoch 35, Generator_loss: 20.400196075439453, Discriminator_loss: 0.4040491580963135, Overlap_rate: 0.5225934210346423, Discriminator_fake: 0.39903846153846156
Epoch 36, Generator_loss: 20.405513763427734, Discriminator_loss: 0.4644516706466675, Overlap_rate: 0.5255774575064661, Discriminator_fake: 0.4416208791208791
Epoch 37, Generator_loss: 20.428964614868164, Discriminator_loss: 0.6025455594062805, Overlap_rate: 0.5226635864183746, Discriminator_fake: 0.4806547619047619
Epoch 38, Generator_loss: 20.375667572021484, Discriminator_loss: 0.4996664524078369, Overlap_rate: 0.5195996417298144, Discriminator_fake: 0.4355540293040293
Epoch 39, Generator_loss: 20.406902313232422, Discriminator_loss: 0.44891270995140076, Overlap_rate: 0.5226505066771561, Discriminator_fake: 0.45043498168498164
Epoch 40, Generator_loss: 20.430805206298828, Discriminator_loss: 0.45247113704681396, Overlap_rate: 0.5218717982627289, Discriminator_fake: 0.4673763736263737
Epoch 41, Generator_loss: 20.39320945739746, Discriminator_loss: 0.2905726730823517, Overlap_rate: 0.5253820906101497, Discriminator_fake: 0.3936584249084249
Epoch 42, Generator_loss: 20.398704528808594, Discriminator_loss: 0.30022290349006653, Overlap_rate: 0.5259029594718135, Discriminator_fake: 0.41277472527472525
Epoch 43, Generator_loss: 20.411033630371094, Discriminator_loss: 0.35951510071754456, Overlap_rate: 0.5230222294693015, Discriminator_fake: 0.4157509157509158
Epoch 44, Generator_loss: 20.42327308654785, Discriminator_loss: 0.4169675409793854, Overlap_rate: 0.5277445133435982, Discriminator_fake: 0.36538461538461536
Epoch 45, Generator_loss: 20.413911819458008, Discriminator_loss: 0.38620954751968384, Overlap_rate: 0.5267337539908283, Discriminator_fake: 0.33917124542124544
Epoch 46, Generator_loss: 20.38810157775879, Discriminator_loss: 0.28252747654914856, Overlap_rate: 0.5240572768244689, Discriminator_fake: 0.3618360805860806
Epoch 47, Generator_loss: 20.41545867919922, Discriminator_loss: 0.29572272300720215, Overlap_rate: 0.523010671836056, Discriminator_fake: 0.35943223443223443
Epoch 48, Generator_loss: 20.415193557739258, Discriminator_loss: 0.25934645533561707, Overlap_rate: 0.5256453349553073, Discriminator_fake: 0.3444368131868132
Epoch 49, Generator_loss: 20.407377243041992, Discriminator_loss: 0.29979339241981506, Overlap_rate: 0.5230882102315435, Discriminator_fake: 0.3938873626373626
Epoch 50, Generator_loss: 20.441707611083984, Discriminator_loss: 0.2665254771709442, Overlap_rate: 0.523721837928944, Discriminator_fake: 0.3626373626373626
Epoch 51, Generator_loss: 20.418088912963867, Discriminator_loss: 0.23286403715610504, Overlap_rate: 0.5216242399627893, Discriminator_fake: 0.4013278388278388
Epoch 52, Generator_loss: 20.40437126159668, Discriminator_loss: 0.282235324382782, Overlap_rate: 0.5241536002328877, Discriminator_fake: 0.2945283882783883
Epoch 53, Generator_loss: 20.409273147583008, Discriminator_loss: 0.24306513369083405, Overlap_rate: 0.526388197729388, Discriminator_fake: 0.32680860805860806
Epoch 54, Generator_loss: 20.402830123901367, Discriminator_loss: 0.25131261348724365, Overlap_rate: 0.5243878504484792, Discriminator_fake: 0.3716804029304029
Epoch 55, Generator_loss: 20.411731719970703, Discriminator_loss: 0.42568284273147583, Overlap_rate: 0.524412587307271, Discriminator_fake: 0.3641254578754579
Epoch 56, Generator_loss: 20.393489837646484, Discriminator_loss: 0.26220953464508057, Overlap_rate: 0.5244514166707728, Discriminator_fake: 0.3772893772893773
Epoch 57, Generator_loss: 20.438613891601562, Discriminator_loss: 0.19443847239017487, Overlap_rate: 0.5244081082945746, Discriminator_fake: 0.3917124542124542
Epoch 58, Generator_loss: 20.413301467895508, Discriminator_loss: 0.2249441146850586, Overlap_rate: 0.5226554710621277, Discriminator_fake: 0.31398809523809523
Epoch 59, Generator_loss: 20.385923385620117, Discriminator_loss: 0.22119803726673126, Overlap_rate: 0.5233278324271742, Discriminator_fake: 0.28651556776556775
Epoch 60, Generator_loss: 20.377992630004883, Discriminator_loss: 0.2098543494939804, Overlap_rate: 0.5240637833718305, Discriminator_fake: 0.28548534798534797
Epoch 61, Generator_loss: 20.39474105834961, Discriminator_loss: 0.22520048916339874, Overlap_rate: 0.527407494525977, Discriminator_fake: 0.2796474358974359
Epoch 62, Generator_loss: 20.430618286132812, Discriminator_loss: 0.3385504484176636, Overlap_rate: 0.5252348243751606, Discriminator_fake: 0.32154304029304026
Epoch 63, Generator_loss: 20.398595809936523, Discriminator_loss: 0.4728158414363861, Overlap_rate: 0.5268993035688837, Discriminator_fake: 0.28491300366300365
Epoch 64, Generator_loss: 20.427734375, Discriminator_loss: 0.1641613394021988, Overlap_rate: 0.524945418780902, Discriminator_fake: 0.265224358974359
Epoch 65, Generator_loss: 20.424272537231445, Discriminator_loss: 0.14138148725032806, Overlap_rate: 0.5232133758920311, Discriminator_fake: 0.2512591575091575
Epoch 66, Generator_loss: 20.434288024902344, Discriminator_loss: 0.1375061273574829, Overlap_rate: 0.5241717814686686, Discriminator_fake: 0.23076923076923078
Epoch 67, Generator_loss: 20.386232376098633, Discriminator_loss: 0.15293654799461365, Overlap_rate: 0.5239931339561016, Discriminator_fake: 0.2893772893772894
Epoch 68, Generator_loss: 20.412782669067383, Discriminator_loss: 0.1303083747625351, Overlap_rate: 0.523759110035713, Discriminator_fake: 0.26144688644688646
Epoch 69, Generator_loss: 20.41777992248535, Discriminator_loss: 0.48301056027412415, Overlap_rate: 0.524097138740571, Discriminator_fake: 0.43360805860805857
Epoch 70, Generator_loss: 20.427936553955078, Discriminator_loss: 0.2821227014064789, Overlap_rate: 0.525034619281111, Discriminator_fake: 0.4039606227106227
Epoch 71, Generator_loss: 20.41149139404297, Discriminator_loss: 0.33426403999328613, Overlap_rate: 0.525327444132566, Discriminator_fake: 0.3011675824175824
Epoch 72, Generator_loss: 20.434141159057617, Discriminator_loss: 0.235021710395813, Overlap_rate: 0.5261576559790704, Discriminator_fake: 0.3440934065934066
Epoch 73, Generator_loss: 20.398860931396484, Discriminator_loss: 0.19317348301410675, Overlap_rate: 0.5233142016674993, Discriminator_fake: 0.2516025641025641
Epoch 74, Generator_loss: 20.419246673583984, Discriminator_loss: 0.18968503177165985, Overlap_rate: 0.5229991120683274, Discriminator_fake: 0.24805402930402928
Epoch 75, Generator_loss: 20.391897201538086, Discriminator_loss: 0.08516808599233627, Overlap_rate: 0.5207268393959579, Discriminator_fake: 0.22596153846153846
Epoch 76, Generator_loss: 20.388898849487305, Discriminator_loss: 0.11069406569004059, Overlap_rate: 0.5243822552178679, Discriminator_fake: 0.26465201465201466
Epoch 77, Generator_loss: 20.41387176513672, Discriminator_loss: 0.13364100456237793, Overlap_rate: 0.5251781700115971, Discriminator_fake: 0.2733516483516484
Epoch 78, Generator_loss: 20.41609764099121, Discriminator_loss: 0.14409704506397247, Overlap_rate: 0.5254217875370142, Discriminator_fake: 0.26144688644688646
Epoch 79, Generator_loss: 20.402305603027344, Discriminator_loss: 0.13892526924610138, Overlap_rate: 0.524876854710048, Discriminator_fake: 0.2219551282051282
Epoch 80, Generator_loss: 20.421348571777344, Discriminator_loss: 0.13559556007385254, Overlap_rate: 0.5224362705792205, Discriminator_fake: 0.3118131868131868
Epoch 81, Generator_loss: 20.42999839782715, Discriminator_loss: 0.18264679610729218, Overlap_rate: 0.526082304310285, Discriminator_fake: 0.2921245421245421
Epoch 82, Generator_loss: 20.398653030395508, Discriminator_loss: 0.1765151172876358, Overlap_rate: 0.5249007120595935, Discriminator_fake: 0.34260531135531136
Epoch 83, Generator_loss: 20.438098907470703, Discriminator_loss: 0.1641881763935089, Overlap_rate: 0.5266095374779716, Discriminator_fake: 0.29017857142857145
Epoch 84, Generator_loss: 20.404382705688477, Discriminator_loss: 0.1153731569647789, Overlap_rate: 0.5245026258470895, Discriminator_fake: 0.25240384615384615
Epoch 85, Generator_loss: 20.415151596069336, Discriminator_loss: 0.1323452740907669, Overlap_rate: 0.5257933910178948, Discriminator_fake: 0.24565018315018314
Epoch 86, Generator_loss: 20.404590606689453, Discriminator_loss: 0.23709452152252197, Overlap_rate: 0.5215928476554768, Discriminator_fake: 0.3008241758241758
Epoch 87, Generator_loss: 20.41744613647461, Discriminator_loss: 0.20667678117752075, Overlap_rate: 0.5249990168850928, Discriminator_fake: 0.3444368131868132
Epoch 88, Generator_loss: 20.431793212890625, Discriminator_loss: 0.16350433230400085, Overlap_rate: 0.5255052619664564, Discriminator_fake: 0.25686813186813184
Epoch 89, Generator_loss: 20.411014556884766, Discriminator_loss: 0.09850538522005081, Overlap_rate: 0.5233296214235061, Discriminator_fake: 0.2774725274725275
Epoch 90, Generator_loss: 20.40654182434082, Discriminator_loss: 0.13499502837657928, Overlap_rate: 0.5228627812474803, Discriminator_fake: 0.3135302197802198
Epoch 91, Generator_loss: 20.398483276367188, Discriminator_loss: 0.14414043724536896, Overlap_rate: 0.5240814542940707, Discriminator_fake: 0.3220009157509157
Epoch 92, Generator_loss: 20.43765640258789, Discriminator_loss: 0.673121988773346, Overlap_rate: 0.5247880178037273, Discriminator_fake: 0.4149496336996337
Epoch 93, Generator_loss: 20.405052185058594, Discriminator_loss: 0.23097752034664154, Overlap_rate: 0.5251266776968649, Discriminator_fake: 0.3317307692307692
Epoch 94, Generator_loss: 20.428743362426758, Discriminator_loss: 0.19457216560840607, Overlap_rate: 0.5275263540728727, Discriminator_fake: 0.32944139194139194
Epoch 95, Generator_loss: 20.3902587890625, Discriminator_loss: 0.17355065047740936, Overlap_rate: 0.5230760854848945, Discriminator_fake: 0.2951007326007326
Epoch 96, Generator_loss: 20.399761199951172, Discriminator_loss: 0.21461883187294006, Overlap_rate: 0.5255376595650119, Discriminator_fake: 0.2748397435897436
Epoch 97, Generator_loss: 20.42037582397461, Discriminator_loss: 0.23654909431934357, Overlap_rate: 0.5248987971977032, Discriminator_fake: 0.2861721611721612
Epoch 98, Generator_loss: 20.430391311645508, Discriminator_loss: 0.2098550647497177, Overlap_rate: 0.523777346752395, Discriminator_fake: 0.2470238095238095
Epoch 99, Generator_loss: 20.405902862548828, Discriminator_loss: 0.14138272404670715, Overlap_rate: 0.5255034190294704, Discriminator_fake: 0.2202380952380952
Epoch 100, Generator_loss: 20.421443939208984, Discriminator_loss: 0.18343284726142883, Overlap_rate: 0.5231402333106902, Discriminator_fake: 0.23385989010989008
